[0421 10:33:44,790 WARN ] [main] org.mybatis.spring.mapper.MapperScannerConfigurer$Scanner - Skipping MapperFactoryBean with name 'crmFunctionMapperEx' and 'com.lc.zy.ball.domain.oa.mapper.ex.CrmFunctionMapperEx' mapperInterface. Bean already defined with the same name!
[0421 10:33:44,791 WARN ] [main] org.mybatis.spring.mapper.MapperScannerConfigurer$Scanner - Skipping MapperFactoryBean with name 'dicItemMapperEx' and 'com.lc.zy.ball.domain.oa.mapper.ex.DicItemMapperEx' mapperInterface. Bean already defined with the same name!
[0421 10:33:44,791 WARN ] [main] org.mybatis.spring.mapper.MapperScannerConfigurer$Scanner - Skipping MapperFactoryBean with name 'functionMapperEx' and 'com.lc.zy.ball.domain.oa.mapper.ex.FunctionMapperEx' mapperInterface. Bean already defined with the same name!
[0421 10:33:44,791 WARN ] [main] org.mybatis.spring.mapper.MapperScannerConfigurer$Scanner - Skipping MapperFactoryBean with name 'operatorMapper' and 'com.lc.zy.ball.domain.oa.mapper.ex.OperatorMapper' mapperInterface. Bean already defined with the same name!
[0421 10:33:44,791 WARN ] [main] org.mybatis.spring.mapper.MapperScannerConfigurer$Scanner - Skipping MapperFactoryBean with name 'organizationMapperEx' and 'com.lc.zy.ball.domain.oa.mapper.ex.OrganizationMapperEx' mapperInterface. Bean already defined with the same name!
[0421 10:33:44,791 WARN ] [main] org.mybatis.spring.mapper.MapperScannerConfigurer$Scanner - Skipping MapperFactoryBean with name 'statisticUserMobileMapperEx' and 'com.lc.zy.ball.domain.oa.mapper.ex.StatisticUserMobileMapperEx' mapperInterface. Bean already defined with the same name!
[0421 10:33:44,791 WARN ] [main] org.mybatis.spring.mapper.MapperScannerConfigurer$Scanner - Skipping MapperFactoryBean with name 'userMapperEx' and 'com.lc.zy.ball.domain.oa.mapper.ex.UserMapperEx' mapperInterface. Bean already defined with the same name!
[0421 10:33:45,283 INFO ] [main] com.mchange.v2.log.MLog - MLog clients using log4j logging.
[0421 10:33:45,340 INFO ] [main] com.mchange.v2.c3p0.C3P0Registry - Initializing c3p0-0.9.1 [built 16-January-2007 14:46:42; debug? true; trace: 10]
[0421 10:33:46,204 INFO ] [main] com.mchange.v2.c3p0.impl.AbstractPoolBackedDataSource - Initializing c3p0 pool... com.mchange.v2.c3p0.ComboPooledDataSource [ acquireIncrement -> 5, acquireRetryAttempts -> 2880, acquireRetryDelay -> 30000, autoCommitOnClose -> false, automaticTestTable -> null, breakAfterAcquireFailure -> false, checkoutTimeout -> 10000, connectionCustomizerClassName -> null, connectionTesterClassName -> com.mchange.v2.c3p0.impl.DefaultConnectionTester, dataSourceName -> 1hge14u9n13hz4uznw14y6|68a6eba7, debugUnreturnedConnectionStackTraces -> false, description -> null, driverClass -> com.mysql.jdbc.Driver, factoryClassLocation -> null, forceIgnoreUnresolvedTransactions -> false, identityToken -> 1hge14u9n13hz4uznw14y6|68a6eba7, idleConnectionTestPeriod -> 120, initialPoolSize -> 5, jdbcUrl -> jdbc:mysql://60.219.169.5:3306/tkd_oa?zeroDateTimeBehavior=convertToNull&useUnicode=true, lastAcquisitionFailureDefaultUser -> null, maxAdministrativeTaskTime -> 0, maxConnectionAge -> 0, maxIdleTime -> 120, maxIdleTimeExcessConnections -> 0, maxPoolSize -> 30, maxStatements -> 0, maxStatementsPerConnection -> 0, minPoolSize -> 5, numHelperThreads -> 3, numThreadsAwaitingCheckoutDefaultUser -> 0, preferredTestQuery -> null, properties -> {user=******, password=******}, propertyCycle -> 0, testConnectionOnCheckin -> false, testConnectionOnCheckout -> false, unreturnedConnectionTimeout -> 0, usesTraditionalReflectiveProxies -> false ]
[0421 10:33:48,488 INFO ] [main] org.apache.shiro.realm.AuthorizingRealm - No cache or cacheManager properties have been set.  Authorization cache cannot be obtained.
[0421 10:33:48,592 INFO ] [main] org.apache.shiro.cache.ehcache.EhCacheManager - Cache with name 'com.lc.zy.ball.boss.common.security.ShiroDbRealm.authorizationCache' does not yet exist.  Creating now.
[0421 10:33:48,621 INFO ] [main] org.apache.shiro.cache.ehcache.EhCacheManager - Added EhCache named [com.lc.zy.ball.boss.common.security.ShiroDbRealm.authorizationCache]
[0421 10:33:48,789 INFO ] [main] com.lc.zy.common.cache.MapperOnCacheSupport - exclude_cache_mapper ==> {OrderSms=true, OrderItem=true, OrderBill=true, Order=true, OrderBillItem=true, OrderAlarm=true, OrderLog=true}
[0421 10:33:48,815 DEBUG] [main] com.lc.zy.common.cache.RedisPool - cacheEnable = true
[0421 10:33:48,816 DEBUG] [main] com.lc.zy.common.cache.RedisPool - cacheServer = 192.168.1.219:6379
[0421 10:33:48,820 DEBUG] [main] com.lc.zy.common.cache.RedisPool - cachePwd = null
[0421 10:33:48,833 ERROR] [main] com.lc.zy.common.cache.RedisPool - cache 初始化成功
[0421 10:33:49,011 DEBUG] [main] com.lc.zy.common.util.SpringUtils - set application context ===> Root WebApplicationContext: startup date [Fri Apr 21 10:33:43 CST 2017]; root of context hierarchy
[0421 10:33:49,120 DEBUG] [main] com.lc.zy.common.mq.QueueProducer - locCustomer was started ...
[0421 10:33:49,120 DEBUG] [main] com.lc.zy.common.mq.QueueProducer - brokerUrl=tcp://192.168.1.219:61616
[0421 10:33:49,516 INFO ] [main] org.apache.zookeeper.ZooKeeper - Client environment:zookeeper.version=3.4.6-1569965, built on 02/20/2014 09:09 GMT
[0421 10:33:49,516 INFO ] [main] org.apache.zookeeper.ZooKeeper - Client environment:host.name=J8LZEKL1TNCFRZY
[0421 10:33:49,516 INFO ] [main] org.apache.zookeeper.ZooKeeper - Client environment:java.version=1.7.0_51
[0421 10:33:49,516 INFO ] [main] org.apache.zookeeper.ZooKeeper - Client environment:java.vendor=Oracle Corporation
[0421 10:33:49,517 INFO ] [main] org.apache.zookeeper.ZooKeeper - Client environment:java.home=C:\Program Files\Java\jdk1.7.0_51\jre
[0421 10:33:49,517 INFO ] [main] org.apache.zookeeper.ZooKeeper - Client environment:java.class.path=G:\eclipse-jee-mars-2-win32-x86_64\eclipse\configuration\org.eclipse.osgi\939\0\.cp\lib\jetty-util-6.1.26.jar;G:\eclipse-jee-mars-2-win32-x86_64\eclipse\configuration\org.eclipse.osgi\939\0\.cp\lib\jsp-api-2.1.jar;G:\eclipse-jee-mars-2-win32-x86_64\eclipse\configuration\org.eclipse.osgi\939\0\.cp\lib\run-jetty-run-bootstrap.jar;G:\eclipse-jee-mars-2-win32-x86_64\eclipse\configuration\org.eclipse.osgi\939\0\.cp\lib\jsp-2.1.jar;G:\eclipse-jee-mars-2-win32-x86_64\eclipse\configuration\org.eclipse.osgi\939\0\.cp\lib\jetty-management-6.1.26.jar;G:\eclipse-jee-mars-2-win32-x86_64\eclipse\configuration\org.eclipse.osgi\939\0\.cp\lib\jetty-6.1.26.jar;G:\eclipse-jee-mars-2-win32-x86_64\eclipse\configuration\org.eclipse.osgi\939\0\.cp\lib\core-3.1.1.jar;G:\eclipse-jee-mars-2-win32-x86_64\eclipse\configuration\org.eclipse.osgi\939\0\.cp\lib\servlet-api-2.5-20081211.jar
[0421 10:33:49,517 INFO ] [main] org.apache.zookeeper.ZooKeeper - Client environment:java.library.path=C:\Program Files\Java\jdk1.7.0_51\bin;C:\Windows\Sun\Java\bin;C:\Windows\system32;C:\Windows;C:\Program Files\Java\jdk1.7.0_51\jre\bin;C:/Program Files/Java/jdk1.7.0_51/bin/../jre/bin/server;C:/Program Files/Java/jdk1.7.0_51/bin/../jre/bin;C:/Program Files/Java/jdk1.7.0_51/bin/../jre/lib/amd64;.;C:\Program Files\Java\jdk1.7.0_51\bin;C:\Program Files (x86)\Common Files\NetSarang;C:\Windows\system32;C:\Windows;C:\Windows\System32\Wbem;C:\Windows\System32\WindowsPowerShell\v1.0\;G:\apache-maven-3.3.1\bin;C:\Program Files (x86)\NVIDIA Corporation\PhysX\Common;G:\apache-maven-3.3.1\bin;G:\mysql\bin;C:\Program Files\TortoiseSVN\bin;G:\apache-maven-3.3.1\bin;G:\jar包\apache-tomcat-7.0.73-windows-x64\apache-tomcat-7.0.73\lib;G:\jar包\apache-tomcat-7.0.73-windows-x64\apache-tomcat-7.0.73\bin;C:\Program Files\VisualSVN Server\bin;G:\eclipse-jee-mars-2-win32-x86_64\eclipse;;.
[0421 10:33:49,517 INFO ] [main] org.apache.zookeeper.ZooKeeper - Client environment:java.io.tmpdir=C:\Users\ADMINI~1\AppData\Local\Temp\
[0421 10:33:49,517 INFO ] [main] org.apache.zookeeper.ZooKeeper - Client environment:java.compiler=<NA>
[0421 10:33:49,517 INFO ] [main] org.apache.zookeeper.ZooKeeper - Client environment:os.name=Windows 7
[0421 10:33:49,517 INFO ] [main] org.apache.zookeeper.ZooKeeper - Client environment:os.arch=amd64
[0421 10:33:49,517 INFO ] [main] org.apache.zookeeper.ZooKeeper - Client environment:os.version=6.1
[0421 10:33:49,517 INFO ] [main] org.apache.zookeeper.ZooKeeper - Client environment:user.name=Administrator
[0421 10:33:49,518 INFO ] [main] org.apache.zookeeper.ZooKeeper - Client environment:user.home=C:\Users\Administrator
[0421 10:33:49,518 INFO ] [main] org.apache.zookeeper.ZooKeeper - Client environment:user.dir=G:\qzlspace6\tkd-boss
[0421 10:33:49,519 INFO ] [main] org.apache.zookeeper.ZooKeeper - Initiating client connection, connectString=192.168.1.219 sessionTimeout=5000 watcher=com.lc.zy.common.zoo.ConnectionWatcher@5842b8ed
[0421 10:33:49,540 INFO ] [main] org.apache.zookeeper.ZooKeeper - Initiating client connection, connectString=192.168.1.219 sessionTimeout=5000 watcher=com.lc.zy.common.zoo.ConnectionWatcher@5842b8ed
[0421 10:33:49,545 INFO ] [main-SendThread(192.168.1.219:2181)] org.apache.zookeeper.ClientCnxn - Opening socket connection to server 192.168.1.219/192.168.1.219:2181. Will not attempt to authenticate using SASL (unknown error)
[0421 10:33:49,545 INFO ] [main-SendThread(192.168.1.219:2181)] org.apache.zookeeper.ClientCnxn - Opening socket connection to server 192.168.1.219/192.168.1.219:2181. Will not attempt to authenticate using SASL (unknown error)
[0421 10:33:49,547 INFO ] [main-SendThread(192.168.1.219:2181)] org.apache.zookeeper.ClientCnxn - Socket connection established to 192.168.1.219/192.168.1.219:2181, initiating session
[0421 10:33:49,547 INFO ] [main-SendThread(192.168.1.219:2181)] org.apache.zookeeper.ClientCnxn - Socket connection established to 192.168.1.219/192.168.1.219:2181, initiating session
[0421 10:33:49,560 INFO ] [main-SendThread(192.168.1.219:2181)] org.apache.zookeeper.ClientCnxn - Session establishment complete on server 192.168.1.219/192.168.1.219:2181, sessionid = 0x15b8df8d8ca0014, negotiated timeout = 5000
[0421 10:33:49,560 INFO ] [main-SendThread(192.168.1.219:2181)] org.apache.zookeeper.ClientCnxn - Session establishment complete on server 192.168.1.219/192.168.1.219:2181, sessionid = 0x15b8df8d8ca0015, negotiated timeout = 5000
[0421 10:33:49,562 INFO ] [main] org.apache.zookeeper.ZooKeeper - Initiating client connection, connectString=192.168.1.219 sessionTimeout=5000 watcher=com.lc.zy.common.zoo.SEQGenerate@3a8de88a
[0421 10:33:49,563 INFO ] [main] org.apache.zookeeper.ZooKeeper - Initiating client connection, connectString=192.168.1.219 sessionTimeout=5000 watcher=com.lc.zy.common.zoo.SEQGenerate@3a8de88a
[0421 10:33:49,563 INFO ] [main-SendThread(192.168.1.219:2181)] org.apache.zookeeper.ClientCnxn - Opening socket connection to server 192.168.1.219/192.168.1.219:2181. Will not attempt to authenticate using SASL (unknown error)
[0421 10:33:49,564 INFO ] [main-SendThread(192.168.1.219:2181)] org.apache.zookeeper.ClientCnxn - Socket connection established to 192.168.1.219/192.168.1.219:2181, initiating session
[0421 10:33:49,565 INFO ] [main-SendThread(192.168.1.219:2181)] org.apache.zookeeper.ClientCnxn - Opening socket connection to server 192.168.1.219/192.168.1.219:2181. Will not attempt to authenticate using SASL (unknown error)
[0421 10:33:49,566 INFO ] [main-SendThread(192.168.1.219:2181)] org.apache.zookeeper.ClientCnxn - Socket connection established to 192.168.1.219/192.168.1.219:2181, initiating session
[0421 10:33:49,572 INFO ] [main-SendThread(192.168.1.219:2181)] org.apache.zookeeper.ClientCnxn - Session establishment complete on server 192.168.1.219/192.168.1.219:2181, sessionid = 0x15b8df8d8ca0016, negotiated timeout = 5000
[0421 10:33:49,577 INFO ] [main-SendThread(192.168.1.219:2181)] org.apache.zookeeper.ClientCnxn - Session establishment complete on server 192.168.1.219/192.168.1.219:2181, sessionid = 0x15b8df8d8ca0017, negotiated timeout = 5000
[0421 10:33:49,920 WARN ] [main] com.lc.zy.common.coreservice.FreeSpaceCounter - FreeSpaceCounter and coreServiceOrdersLicense not define
[0421 10:33:49,923 WARN ] [main] com.lc.zy.common.coreservice.OrdersCounter - coreServiceOrdersHost and coreServiceOrdersLicense not define
[0421 10:33:49,925 WARN ] [main] com.lc.zy.common.coreservice.Scores - coreServiceOrdersHost and coreServiceOrdersLicense not define
[0421 10:33:49,928 WARN ] [main] com.lc.zy.common.coreservice.UserStatiumCounter - coreServiceOrdersHost and coreServiceOrdersLicense not define
[0421 10:33:49,945 DEBUG] [main] com.lc.zy.common.mq.TopicPublisher - locCustomer was started ...
[0421 10:33:49,945 DEBUG] [main] com.lc.zy.common.mq.TopicPublisher - brokerUrl=tcp://192.168.1.219:61616
[0421 10:34:02,606 INFO ] [1651599627@qtp-1117868538-3] org.apache.shiro.session.mgt.AbstractValidatingSessionManager - Enabling session validation scheduler...
[0421 10:34:18,275 INFO ] [735384701@qtp-1117868538-2] com.lc.zy.ball.boss.common.security.CaptchaFormAuthenticationFilter - tkd1登录成功
[0421 10:34:18,491 DEBUG] [735384701@qtp-1117868538-2] com.lc.zy.common.cache.MapperOnCacheSupport - clazz : com.lc.zy.ball.domain.oa.po.User
[0421 10:34:18,492 DEBUG] [735384701@qtp-1117868538-2] com.lc.zy.common.cache.MapperOnCacheSupport - clazz : User
[0421 10:34:18,635 DEBUG] [735384701@qtp-1117868538-2] com.lc.zy.ball.boss.framework.system.service.FunctionProvider - ===>> Load data from database...
[0421 10:34:18,735 DEBUG] [735384701@qtp-1117868538-2] com.lc.zy.ball.boss.common.security.UriPermissionsAuthorizationFilter - 请求 '/admin/userinfo', 需要权限: null
[0421 10:34:33,875 DEBUG] [735384701@qtp-1117868538-2] com.lc.zy.common.web.WebUtils - Parameter: page = [null], return defalut value 0.
[0421 10:34:37,303 DEBUG] [735384701@qtp-1117868538-2] com.lc.zy.common.web.WebUtils - Parameter: size = [null], return defalut value 0.
[0421 10:34:37,548 DEBUG] [735384701@qtp-1117868538-2] com.lc.zy.common.cache.MapperOnCache - cacheKey = userMapper.a6cfdc85574f4257b0dbc15d5e19cab8
[0421 10:34:37,581 DEBUG] [735384701@qtp-1117868538-2] com.lc.zy.common.cache.MapperOnCache - 数据库取值 : null
[0421 10:34:37,619 DEBUG] [735384701@qtp-1117868538-2] com.lc.zy.common.cache.MapperOnCache - cacheKey = userMapper.6ef6b97600c44c9f91dcc4709cd8ca78
[0421 10:34:37,653 DEBUG] [735384701@qtp-1117868538-2] com.lc.zy.common.cache.MapperOnCache - 数据库取值 : null
[0421 10:34:37,656 DEBUG] [735384701@qtp-1117868538-2] com.lc.zy.common.cache.MapperOnCache - cacheKey = userMapper.f8fd38c203fb4094aa85502543c3a055
[0421 10:34:37,688 DEBUG] [735384701@qtp-1117868538-2] com.lc.zy.common.cache.MapperOnCache - 数据库取值 : null
[0421 10:34:37,722 DEBUG] [735384701@qtp-1117868538-2] com.lc.zy.common.cache.MapperOnCache - cacheKey = userMapper.220186dd7c9c4cc39f85b2feeafc2cca
[0421 10:34:37,755 DEBUG] [735384701@qtp-1117868538-2] com.lc.zy.common.cache.MapperOnCache - 数据库取值 : null
[0421 10:34:37,757 DEBUG] [735384701@qtp-1117868538-2] com.lc.zy.common.cache.MapperOnCache - cacheKey = userMapper.1d0ac9c69900487185a29b427b9c814e
[0421 10:34:37,787 DEBUG] [735384701@qtp-1117868538-2] com.lc.zy.common.cache.MapperOnCache - 数据库取值 : null
[0421 10:34:37,790 DEBUG] [735384701@qtp-1117868538-2] com.lc.zy.common.cache.MapperOnCache - cacheKey = userMapper.c6142adc5ee64eae84e8fdd9e7ae83ce
[0421 10:34:37,823 DEBUG] [735384701@qtp-1117868538-2] com.lc.zy.common.cache.MapperOnCache - 数据库取值 : null
[0421 10:34:37,825 DEBUG] [735384701@qtp-1117868538-2] com.lc.zy.common.cache.MapperOnCache - cacheKey = userMapper.69d75ebe63874bd7a0cd9beddad7d8f8
[0421 10:34:37,856 DEBUG] [735384701@qtp-1117868538-2] com.lc.zy.common.cache.MapperOnCache - 数据库取值 : null
[0421 10:34:37,858 DEBUG] [735384701@qtp-1117868538-2] com.lc.zy.common.cache.MapperOnCache - cacheKey = userMapper.d2bc7587cc8444f0a4d0d5d72e063479
[0421 10:34:37,886 DEBUG] [735384701@qtp-1117868538-2] com.lc.zy.common.cache.MapperOnCache - 数据库取值 : null
[0421 10:34:37,888 DEBUG] [735384701@qtp-1117868538-2] com.lc.zy.common.cache.MapperOnCache - cacheKey = userMapper.cf5613387266481eac4be27f4b7a5828
[0421 10:34:37,919 DEBUG] [735384701@qtp-1117868538-2] com.lc.zy.common.cache.MapperOnCache - 数据库取值 : null
[0421 10:34:37,921 DEBUG] [735384701@qtp-1117868538-2] com.lc.zy.common.cache.MapperOnCache - cacheKey = userMapper.2dcbad25d5cb42e58083c64e19418a4f
[0421 10:34:37,954 DEBUG] [735384701@qtp-1117868538-2] com.lc.zy.common.cache.MapperOnCache - 数据库取值 : null
[0421 10:34:38,031 DEBUG] [735384701@qtp-1117868538-2] com.lc.zy.ball.boss.framework.statium.service.StatiumOaInfoService - statiumId=1000025
[0421 10:34:38,178 DEBUG] [735384701@qtp-1117868538-2] com.lc.zy.ball.boss.framework.statium.service.StatiumOaInfoService - statiumId=221
[0421 10:34:38,519 DEBUG] [735384701@qtp-1117868538-2] com.lc.zy.ball.boss.framework.statium.service.StatiumOaInfoService - statiumId=1000003
[0421 10:34:38,634 DEBUG] [735384701@qtp-1117868538-2] com.lc.zy.ball.boss.framework.statium.service.StatiumOaInfoService - statiumId=1000024
[0421 10:34:38,749 DEBUG] [735384701@qtp-1117868538-2] com.lc.zy.ball.boss.framework.statium.service.StatiumOaInfoService - statiumId=232
[0421 10:34:38,866 DEBUG] [735384701@qtp-1117868538-2] com.lc.zy.ball.boss.framework.statium.service.StatiumOaInfoService - statiumId=1000021
[0421 10:34:39,208 DEBUG] [735384701@qtp-1117868538-2] com.lc.zy.ball.boss.framework.statium.service.StatiumOaInfoService - statiumId=1000020
[0421 10:34:39,322 DEBUG] [735384701@qtp-1117868538-2] com.lc.zy.ball.boss.framework.statium.service.StatiumOaInfoService - statiumId=1000010
[0421 10:34:39,430 DEBUG] [735384701@qtp-1117868538-2] com.lc.zy.ball.boss.framework.statium.service.StatiumOaInfoService - statiumId=1000017
[0421 10:34:39,545 DEBUG] [735384701@qtp-1117868538-2] com.lc.zy.ball.boss.framework.statium.service.StatiumOaInfoService - statiumId=1000009
[0421 10:34:48,681 DEBUG] [735384701@qtp-1117868538-2] com.lc.zy.common.cache.MapperOnCache - cacheKey = statiumInfosMapper.6ef6b97600c44c9f91dcc4709cd8ca78
[0421 10:34:48,735 DEBUG] [735384701@qtp-1117868538-2] com.lc.zy.common.cache.MapperOnCache - 数据库取值 : com.lc.zy.ball.domain.oa.po.StatiumInfos@3133b850[
  id=6ef6b97600c44c9f91dcc4709cd8ca78
  dgName=北京乾正隆跆拳道（朝阳店）
  dgId=221
  photos=http://7xt8bo.com2.z0.glb.qiniucdn.com/832d3ec670564a81a65e9f0a9a6cd836.png__http://7xt8bo.com2.z0.glb.qiniucdn.com/6e30344d4a1c4ec2b863e6841373fc10.png__http://7xt8bo.com2.z0.glb.qiniucdn.com/edcdf122c1bc47d69f93afca6fd09641.png__http://7xt8bo.com2.z0.glb.qiniucdn.com/655a0f5634c64079bb550c3e02fa4034.png__http://7xt8bo.com2.z0.glb.qiniucdn.com/ca78be61fb1440e4a72d26efb14f1d3c.png
  remark=乾正隆跆拳道创建于2004年，发展至今，在北京、太原已拥有专业跆拳道连锁训练馆若干家。其创建人石磊先生是世界跆拳道教练员；世界跆拳道联盟黑带五段（国技院颁发）；并担任中国中学生跆拳道协会名誉副会长、中国跆拳道馆联盟会长、中国跆拳道协会晋级升段考试负责人、中国跆拳道馆联盟考试中心负责人、中国中学生体育协会跆拳道分会考试中心负责人；是中国跆拳道馆联盟创始人之一，在中国跆拳道领域具有举足轻重的地位和影响力。
乾正隆跆拳道自成立以来，石磊先生全力投入中式跆拳道的推广和发展，全面升华跆拳道武术竞技，赋予跆拳道更多的内容与精神，并将跆拳道教学作为其唯一经营项目。乾正隆在硬件设施、教练员培养以及学员培训上都力求精益求精，现所有训练设施均已达到国际跆拳道训练标准，并已成为中国跆拳道协会团体会员及中国跆拳道馆联盟训练基地。
为保证教学质量，乾正隆跆拳道所聘请的教练员均为专注于跆拳道教学和研究并专业从事跆拳道教龄5年以上、技术精湛、教学严谨、把推广中式跆拳道作为终身事业的优秀人才。迄今为止，乾正隆跆拳道已拥有几十名专业教练员及在册学员千余人，并在京城首创教练员训练制度，经营培训制度、礼仪服务制度、课后服务制度、以确保教练员与其它工作人员为学员做到更全面、更温馨的服务，让学员在乾正隆得到最大的收获。

				
				
				
				
				
				
				
				
				
				
				
				
				
				
				
				
				
				
				
				
				
				
				
				
				
				
				
				
				
				
				
  lng=116.483716
  lat=39.86975
  address=北京市北京市朝阳区西大望南路都是范德萨发的是范德萨水电费更改 
  contact=洪万祥
  tel=010-57198965
  province=北京市
  city=北京市
  area=朝阳区
  areacode=110105
  salecount=0
  starttime=<null>
  endtime=<null>
  logo=http://7xt8bo.com2.z0.glb.qiniucdn.com/82547cac06524b129a16932cea27754b.png
  ct=Tue May 10 09:44:07 CST 2016
  cb=0369e6bc11e040ac997b140a41897ebd
  et=Thu Apr 20 10:51:55 CST 2017
  eb=0369e6bc11e040ac997b140a41897ebd
  recommend=0
  serviceTel=010-7537338
  bankAccountName=郑成林
  bankAccountNo=6217900100017300481
  bankAccountBranchName=中国银行
  status=1
  grade=11
  qrCode=http://7xt8bo.com2.z0.glb.qiniucdn.com/19467a3788074520bd377c3559c620c1.png
]
[0421 10:34:51,569 DEBUG] [735384701@qtp-1117868538-2] com.lc.zy.common.cache.MapperOnCache - cacheKey = statiumInfosMapper.6ef6b97600c44c9f91dcc4709cd8ca78
[0421 10:34:51,585 DEBUG] [735384701@qtp-1117868538-2] com.lc.zy.common.cache.MapperOnCache - 缓存取值 : {"id":"6ef6b97600c44c9f91dcc4709cd8ca78","dgName":"北京乾正隆跆拳道（朝阳店）","dgId":221,"photos":"http://7xt8bo.com2.z0.glb.qiniucdn.com/832d3ec670564a81a65e9f0a9a6cd836.png__http://7xt8bo.com2.z0.glb.qiniucdn.com/6e30344d4a1c4ec2b863e6841373fc10.png__http://7xt8bo.com2.z0.glb.qiniucdn.com/edcdf122c1bc47d69f93afca6fd09641.png__http://7xt8bo.com2.z0.glb.qiniucdn.com/655a0f5634c64079bb550c3e02fa4034.png__http://7xt8bo.com2.z0.glb.qiniucdn.com/ca78be61fb1440e4a72d26efb14f1d3c.png","remark":"乾正隆跆拳道创建于2004年，发展至今，在北京、太原已拥有专业跆拳道连锁训练馆若干家。其创建人石磊先生是世界跆拳道教练员；世界跆拳道联盟黑带五段（国技院颁发）；并担任中国中学生跆拳道协会名誉副会长、中国跆拳道馆联盟会长、中国跆拳道协会晋级升段考试负责人、中国跆拳道馆联盟考试中心负责人、中国中学生体育协会跆拳道分会考试中心负责人；是中国跆拳道馆联盟创始人之一，在中国跆拳道领域具有举足轻重的地位和影响力。\r\n乾正隆跆拳道自成立以来，石磊先生全力投入中式跆拳道的推广和发展，全面升华跆拳道武术竞技，赋予跆拳道更多的内容与精神，并将跆拳道教学作为其唯一经营项目。乾正隆在硬件设施、教练员培养以及学员培训上都力求精益求精，现所有训练设施均已达到国际跆拳道训练标准，并已成为中国跆拳道协会团体会员及中国跆拳道馆联盟训练基地。\r\n为保证教学质量，乾正隆跆拳道所聘请的教练员均为专注于跆拳道教学和研究并专业从事跆拳道教龄5年以上、技术精湛、教学严谨、把推广中式跆拳道作为终身事业的优秀人才。迄今为止，乾正隆跆拳道已拥有几十名专业教练员及在册学员千余人，并在京城首创教练员训练制度，经营培训制度、礼仪服务制度、课后服务制度、以确保教练员与其它工作人员为学员做到更全面、更温馨的服务，让学员在乾正隆得到最大的收获。\r\n\r\n\t\t\t\t\r\n\t\t\t\t\r\n\t\t\t\t\r\n\t\t\t\t\r\n\t\t\t\t\r\n\t\t\t\t\r\n\t\t\t\t\r\n\t\t\t\t\r\n\t\t\t\t\r\n\t\t\t\t\r\n\t\t\t\t\r\n\t\t\t\t\r\n\t\t\t\t\r\n\t\t\t\t\r\n\t\t\t\t\r\n\t\t\t\t\r\n\t\t\t\t\r\n\t\t\t\t\r\n\t\t\t\t\r\n\t\t\t\t\r\n\t\t\t\t\r\n\t\t\t\t\r\n\t\t\t\t\r\n\t\t\t\t\r\n\t\t\t\t\r\n\t\t\t\t\r\n\t\t\t\t\r\n\t\t\t\t\r\n\t\t\t\t\r\n\t\t\t\t\r\n\t\t\t\t","lng":116.483716,"lat":39.86975,"address":"北京市北京市朝阳区西大望南路都是范德萨发的是范德萨水电费更改 ","contact":"洪万祥","tel":"010-57198965","province":"北京市","city":"北京市","area":"朝阳区","areacode":"110105","salecount":0,"logo":"http://7xt8bo.com2.z0.glb.qiniucdn.com/82547cac06524b129a16932cea27754b.png","ct":"2016-05-10 09:44:07","cb":"0369e6bc11e040ac997b140a41897ebd","et":"2017-04-20 10:51:55","eb":"0369e6bc11e040ac997b140a41897ebd","recommend":0,"serviceTel":"010-7537338","bankAccountName":"郑成林","bankAccountNo":"6217900100017300481","bankAccountBranchName":"中国银行","status":1,"grade":11,"qrCode":"http://7xt8bo.com2.z0.glb.qiniucdn.com/19467a3788074520bd377c3559c620c1.png"}
[0421 10:36:26,142 DEBUG] [1735745824@qtp-1117868538-4] com.lc.zy.ball.boss.framework.statium.controller.StatiumController - 保存道馆
[0421 10:42:31,466 DEBUG] [1735745824@qtp-1117868538-4] com.lc.zy.common.cache.MapperOnCacheSupport - clazz : com.lc.zy.ball.domain.oa.po.StatiumAuditLog
[0421 10:42:31,467 DEBUG] [1735745824@qtp-1117868538-4] com.lc.zy.common.cache.MapperOnCacheSupport - clazz : StatiumAuditLog
[0421 10:42:31,519 DEBUG] [1735745824@qtp-1117868538-4] com.lc.zy.common.cache.MapperOnCacheSupport - clazz : com.lc.zy.ball.domain.oa.po.StatiumInfos
[0421 10:42:31,519 DEBUG] [1735745824@qtp-1117868538-4] com.lc.zy.common.cache.MapperOnCacheSupport - clazz : StatiumInfos
[0421 10:42:31,569 DEBUG] [Thread-16] com.lc.zy.common.mq.QueueProducer - send:::>SYNC_STATIUM_QUEUE221
[0421 10:42:31,768 DEBUG] [1735745824@qtp-1117868538-4] com.lc.zy.common.cache.MapperOnCache - cacheKey = userMapper.6ef6b97600c44c9f91dcc4709cd8ca78
[0421 10:42:32,103 DEBUG] [1735745824@qtp-1117868538-4] com.lc.zy.common.cache.MapperOnCache - 数据库取值 : null
[0421 10:42:32,139 DEBUG] [1735745824@qtp-1117868538-4] com.lc.zy.common.cache.MapperOnCache - cacheKey = userMapper.a6cfdc85574f4257b0dbc15d5e19cab8
[0421 10:42:32,170 DEBUG] [1735745824@qtp-1117868538-4] com.lc.zy.common.cache.MapperOnCache - 数据库取值 : null
[0421 10:42:32,172 DEBUG] [1735745824@qtp-1117868538-4] com.lc.zy.common.cache.MapperOnCache - cacheKey = userMapper.f8fd38c203fb4094aa85502543c3a055
[0421 10:42:32,207 DEBUG] [1735745824@qtp-1117868538-4] com.lc.zy.common.cache.MapperOnCache - 数据库取值 : null
[0421 10:42:32,235 DEBUG] [1735745824@qtp-1117868538-4] com.lc.zy.common.cache.MapperOnCache - cacheKey = userMapper.220186dd7c9c4cc39f85b2feeafc2cca
[0421 10:42:32,265 DEBUG] [1735745824@qtp-1117868538-4] com.lc.zy.common.cache.MapperOnCache - 数据库取值 : null
[0421 10:42:32,267 DEBUG] [1735745824@qtp-1117868538-4] com.lc.zy.common.cache.MapperOnCache - cacheKey = userMapper.1d0ac9c69900487185a29b427b9c814e
[0421 10:42:32,297 DEBUG] [1735745824@qtp-1117868538-4] com.lc.zy.common.cache.MapperOnCache - 数据库取值 : null
[0421 10:42:32,300 DEBUG] [1735745824@qtp-1117868538-4] com.lc.zy.common.cache.MapperOnCache - cacheKey = userMapper.c6142adc5ee64eae84e8fdd9e7ae83ce
[0421 10:42:32,633 DEBUG] [1735745824@qtp-1117868538-4] com.lc.zy.common.cache.MapperOnCache - 数据库取值 : null
[0421 10:42:32,635 DEBUG] [1735745824@qtp-1117868538-4] com.lc.zy.common.cache.MapperOnCache - cacheKey = userMapper.69d75ebe63874bd7a0cd9beddad7d8f8
[0421 10:42:32,672 DEBUG] [1735745824@qtp-1117868538-4] com.lc.zy.common.cache.MapperOnCache - 数据库取值 : null
[0421 10:42:32,675 DEBUG] [1735745824@qtp-1117868538-4] com.lc.zy.common.cache.MapperOnCache - cacheKey = userMapper.d2bc7587cc8444f0a4d0d5d72e063479
[0421 10:42:32,731 DEBUG] [1735745824@qtp-1117868538-4] com.lc.zy.common.cache.MapperOnCache - 数据库取值 : null
[0421 10:42:32,734 DEBUG] [1735745824@qtp-1117868538-4] com.lc.zy.common.cache.MapperOnCache - cacheKey = userMapper.cf5613387266481eac4be27f4b7a5828
[0421 10:42:32,767 DEBUG] [1735745824@qtp-1117868538-4] com.lc.zy.common.cache.MapperOnCache - 数据库取值 : null
[0421 10:42:32,770 DEBUG] [1735745824@qtp-1117868538-4] com.lc.zy.common.cache.MapperOnCache - cacheKey = userMapper.2dcbad25d5cb42e58083c64e19418a4f
[0421 10:42:32,801 DEBUG] [1735745824@qtp-1117868538-4] com.lc.zy.common.cache.MapperOnCache - 数据库取值 : null
[0421 10:42:33,186 DEBUG] [1735745824@qtp-1117868538-4] com.lc.zy.ball.boss.framework.statium.service.StatiumOaInfoService - statiumId=221
[0421 10:42:33,307 DEBUG] [1735745824@qtp-1117868538-4] com.lc.zy.ball.boss.framework.statium.service.StatiumOaInfoService - statiumId=1000025
[0421 10:42:33,725 DEBUG] [1735745824@qtp-1117868538-4] com.lc.zy.ball.boss.framework.statium.service.StatiumOaInfoService - statiumId=1000003
[0421 10:42:33,841 DEBUG] [1735745824@qtp-1117868538-4] com.lc.zy.ball.boss.framework.statium.service.StatiumOaInfoService - statiumId=1000024
[0421 10:42:33,951 DEBUG] [1735745824@qtp-1117868538-4] com.lc.zy.ball.boss.framework.statium.service.StatiumOaInfoService - statiumId=232
[0421 10:42:34,074 DEBUG] [1735745824@qtp-1117868538-4] com.lc.zy.ball.boss.framework.statium.service.StatiumOaInfoService - statiumId=1000021
[0421 10:42:34,186 DEBUG] [1735745824@qtp-1117868538-4] com.lc.zy.ball.boss.framework.statium.service.StatiumOaInfoService - statiumId=1000020
[0421 10:42:34,300 DEBUG] [1735745824@qtp-1117868538-4] com.lc.zy.ball.boss.framework.statium.service.StatiumOaInfoService - statiumId=1000010
[0421 10:42:34,414 DEBUG] [1735745824@qtp-1117868538-4] com.lc.zy.ball.boss.framework.statium.service.StatiumOaInfoService - statiumId=1000017
[0421 10:42:34,524 DEBUG] [1735745824@qtp-1117868538-4] com.lc.zy.ball.boss.framework.statium.service.StatiumOaInfoService - statiumId=1000009
[0421 10:42:46,715 DEBUG] [1735745824@qtp-1117868538-4] com.lc.zy.common.cache.MapperOnCache - cacheKey = statiumInfosMapper.6ef6b97600c44c9f91dcc4709cd8ca78
[0421 10:42:46,757 DEBUG] [1735745824@qtp-1117868538-4] com.lc.zy.common.cache.MapperOnCache - 数据库取值 : com.lc.zy.ball.domain.oa.po.StatiumInfos@3f68285d[
  id=6ef6b97600c44c9f91dcc4709cd8ca78
  dgName=北京乾正隆跆拳道（朝阳店）
  dgId=221
  photos=http://7xt8bo.com2.z0.glb.qiniucdn.com/832d3ec670564a81a65e9f0a9a6cd836.png__http://7xt8bo.com2.z0.glb.qiniucdn.com/6e30344d4a1c4ec2b863e6841373fc10.png__http://7xt8bo.com2.z0.glb.qiniucdn.com/edcdf122c1bc47d69f93afca6fd09641.png__http://7xt8bo.com2.z0.glb.qiniucdn.com/655a0f5634c64079bb550c3e02fa4034.png__http://7xt8bo.com2.z0.glb.qiniucdn.com/ca78be61fb1440e4a72d26efb14f1d3c.png
  remark=乾正隆跆拳道创建于2004年，发展至今，在北京、太原已拥有专业跆拳道连锁训练馆若干家。其创建人石磊先生是世界跆拳道教练员；世界跆拳道联盟黑带五段（国技院颁发）；并担任中国中学生跆拳道协会名誉副会长、中国跆拳道馆联盟会长、中国跆拳道协会晋级升段考试负责人、中国跆拳道馆联盟考试中心负责人、中国中学生体育协会跆拳道分会考试中心负责人；是中国跆拳道馆联盟创始人之一，在中国跆拳道领域具有举足轻重的地位和影响力。
乾正隆跆拳道自成立以来，石磊先生全力投入中式跆拳道的推广和发展，全面升华跆拳道武术竞技，赋予跆拳道更多的内容与精神，并将跆拳道教学作为其唯一经营项目。乾正隆在硬件设施、教练员培养以及学员培训上都力求精益求精，现所有训练设施均已达到国际跆拳道训练标准，并已成为中国跆拳道协会团体会员及中国跆拳道馆联盟训练基地。
为保证教学质量，乾正隆跆拳道所聘请的教练员均为专注于跆拳道教学和研究并专业从事跆拳道教龄5年以上、技术精湛、教学严谨、把推广中式跆拳道作为终身事业的优秀人才。迄今为止，乾正隆跆拳道已拥有几十名专业教练员及在册学员千余人，并在京城首创教练员训练制度，经营培训制度、礼仪服务制度、课后服务制度、以确保教练员与其它工作人员为学员做到更全面、更温馨的服务，让学员在乾正隆得到最大的收获。

				
				
				
				
				
				
				
				
				
				
				
				
				
				
				
				
				
				
				
				
				
				
				
				
				
				
				
				
				
				
				
  lng=116.483716
  lat=39.86975
  address=北京市北京市朝阳区西大望南路都是范德萨发的是范德萨水电费更改 
  contact=洪万祥
  tel=010-57198965
  province=北京市
  city=北京市
  area=朝阳区
  areacode=110105
  salecount=0
  starttime=<null>
  endtime=<null>
  logo=http://7xt8bo.com2.z0.glb.qiniucdn.com/82547cac06524b129a16932cea27754b.png
  ct=Tue May 10 09:44:07 CST 2016
  cb=0369e6bc11e040ac997b140a41897ebd
  et=Fri Apr 21 10:41:52 CST 2017
  eb=0369e6bc11e040ac997b140a41897ebd
  recommend=0
  serviceTel=010-7537338
  bankAccountName=郑成林
  bankAccountNo=6217900100017300481
  bankAccountBranchName=中国银行
  status=1
  grade=11
  qrCode=http://7xt8bo.com2.z0.glb.qiniucdn.com/19467a3788074520bd377c3559c620c1.png
]
[0421 10:42:48,677 DEBUG] [1735745824@qtp-1117868538-4] com.lc.zy.common.cache.MapperOnCache - cacheKey = statiumInfosMapper.6ef6b97600c44c9f91dcc4709cd8ca78
[0421 10:42:48,686 DEBUG] [1735745824@qtp-1117868538-4] com.lc.zy.common.cache.MapperOnCache - 缓存取值 : {"id":"6ef6b97600c44c9f91dcc4709cd8ca78","dgName":"北京乾正隆跆拳道（朝阳店）","dgId":221,"photos":"http://7xt8bo.com2.z0.glb.qiniucdn.com/832d3ec670564a81a65e9f0a9a6cd836.png__http://7xt8bo.com2.z0.glb.qiniucdn.com/6e30344d4a1c4ec2b863e6841373fc10.png__http://7xt8bo.com2.z0.glb.qiniucdn.com/edcdf122c1bc47d69f93afca6fd09641.png__http://7xt8bo.com2.z0.glb.qiniucdn.com/655a0f5634c64079bb550c3e02fa4034.png__http://7xt8bo.com2.z0.glb.qiniucdn.com/ca78be61fb1440e4a72d26efb14f1d3c.png","remark":"乾正隆跆拳道创建于2004年，发展至今，在北京、太原已拥有专业跆拳道连锁训练馆若干家。其创建人石磊先生是世界跆拳道教练员；世界跆拳道联盟黑带五段（国技院颁发）；并担任中国中学生跆拳道协会名誉副会长、中国跆拳道馆联盟会长、中国跆拳道协会晋级升段考试负责人、中国跆拳道馆联盟考试中心负责人、中国中学生体育协会跆拳道分会考试中心负责人；是中国跆拳道馆联盟创始人之一，在中国跆拳道领域具有举足轻重的地位和影响力。\r\n乾正隆跆拳道自成立以来，石磊先生全力投入中式跆拳道的推广和发展，全面升华跆拳道武术竞技，赋予跆拳道更多的内容与精神，并将跆拳道教学作为其唯一经营项目。乾正隆在硬件设施、教练员培养以及学员培训上都力求精益求精，现所有训练设施均已达到国际跆拳道训练标准，并已成为中国跆拳道协会团体会员及中国跆拳道馆联盟训练基地。\r\n为保证教学质量，乾正隆跆拳道所聘请的教练员均为专注于跆拳道教学和研究并专业从事跆拳道教龄5年以上、技术精湛、教学严谨、把推广中式跆拳道作为终身事业的优秀人才。迄今为止，乾正隆跆拳道已拥有几十名专业教练员及在册学员千余人，并在京城首创教练员训练制度，经营培训制度、礼仪服务制度、课后服务制度、以确保教练员与其它工作人员为学员做到更全面、更温馨的服务，让学员在乾正隆得到最大的收获。\r\n\r\n\t\t\t\t\r\n\t\t\t\t\r\n\t\t\t\t\r\n\t\t\t\t\r\n\t\t\t\t\r\n\t\t\t\t\r\n\t\t\t\t\r\n\t\t\t\t\r\n\t\t\t\t\r\n\t\t\t\t\r\n\t\t\t\t\r\n\t\t\t\t\r\n\t\t\t\t\r\n\t\t\t\t\r\n\t\t\t\t\r\n\t\t\t\t\r\n\t\t\t\t\r\n\t\t\t\t\r\n\t\t\t\t\r\n\t\t\t\t\r\n\t\t\t\t\r\n\t\t\t\t\r\n\t\t\t\t\r\n\t\t\t\t\r\n\t\t\t\t\r\n\t\t\t\t\r\n\t\t\t\t\r\n\t\t\t\t\r\n\t\t\t\t\r\n\t\t\t\t\r\n\t\t\t\t","lng":116.483716,"lat":39.86975,"address":"北京市北京市朝阳区西大望南路都是范德萨发的是范德萨水电费更改 ","contact":"洪万祥","tel":"010-57198965","province":"北京市","city":"北京市","area":"朝阳区","areacode":"110105","salecount":0,"logo":"http://7xt8bo.com2.z0.glb.qiniucdn.com/82547cac06524b129a16932cea27754b.png","ct":"2016-05-10 09:44:07","cb":"0369e6bc11e040ac997b140a41897ebd","et":"2017-04-21 10:41:52","eb":"0369e6bc11e040ac997b140a41897ebd","recommend":0,"serviceTel":"010-7537338","bankAccountName":"郑成林","bankAccountNo":"6217900100017300481","bankAccountBranchName":"中国银行","status":1,"grade":11,"qrCode":"http://7xt8bo.com2.z0.glb.qiniucdn.com/19467a3788074520bd377c3559c620c1.png"}
[0421 10:45:26,604 DEBUG] [1735745824@qtp-1117868538-4] com.lc.zy.ball.boss.framework.statium.controller.StatiumController - com.lc.zy.ball.boss.framework.statium.vo.StatiumAuditLogVo@7b1539c9[
  page=1
  pageSize=10
  id=<null>
  statiumId=221
  cb=<null>
  ct=<null>
  description=123
  action=1
]
[0421 10:46:06,491 DEBUG] [1735745824@qtp-1117868538-4] com.lc.zy.common.cache.MapperOnCacheSupport - clazz : com.lc.zy.ball.domain.oa.po.StatiumInfos
[0421 10:46:06,491 DEBUG] [1735745824@qtp-1117868538-4] com.lc.zy.common.cache.MapperOnCacheSupport - clazz : StatiumInfos
[0421 10:46:06,837 DEBUG] [1735745824@qtp-1117868538-4] com.lc.zy.common.cache.MapperOnCacheSupport - clazz : com.lc.zy.ball.domain.oa.po.StatiumAuditLog
[0421 10:46:06,837 DEBUG] [1735745824@qtp-1117868538-4] com.lc.zy.common.cache.MapperOnCacheSupport - clazz : StatiumAuditLog
[0421 10:46:06,890 DEBUG] [Thread-16] com.lc.zy.common.mq.QueueProducer - send:::>SYNC_STATIUM_QUEUE221
[0421 10:46:07,339 DEBUG] [1735745824@qtp-1117868538-4] com.lc.zy.common.cache.MapperOnCache - cacheKey = userMapper.3d2ceb52c9d84982bf521cfba81015f4
[0421 10:46:07,380 DEBUG] [1735745824@qtp-1117868538-4] com.lc.zy.common.cache.MapperOnCache - 数据库取值 : null
[0421 10:46:07,425 DEBUG] [1735745824@qtp-1117868538-4] com.lc.zy.common.cache.MapperOnCache - cacheKey = userMapper.6ef6b97600c44c9f91dcc4709cd8ca78
[0421 10:46:07,468 DEBUG] [1735745824@qtp-1117868538-4] com.lc.zy.common.cache.MapperOnCache - 数据库取值 : null
[0421 10:46:07,470 DEBUG] [1735745824@qtp-1117868538-4] com.lc.zy.common.cache.MapperOnCache - cacheKey = userMapper.a6cfdc85574f4257b0dbc15d5e19cab8
[0421 10:46:07,506 DEBUG] [1735745824@qtp-1117868538-4] com.lc.zy.common.cache.MapperOnCache - 数据库取值 : null
[0421 10:46:07,508 DEBUG] [1735745824@qtp-1117868538-4] com.lc.zy.common.cache.MapperOnCache - cacheKey = userMapper.f8fd38c203fb4094aa85502543c3a055
[0421 10:46:07,552 DEBUG] [1735745824@qtp-1117868538-4] com.lc.zy.common.cache.MapperOnCache - 数据库取值 : null
[0421 10:46:07,593 DEBUG] [1735745824@qtp-1117868538-4] com.lc.zy.common.cache.MapperOnCache - cacheKey = userMapper.220186dd7c9c4cc39f85b2feeafc2cca
[0421 10:46:07,631 DEBUG] [1735745824@qtp-1117868538-4] com.lc.zy.common.cache.MapperOnCache - 数据库取值 : null
[0421 10:46:07,634 DEBUG] [1735745824@qtp-1117868538-4] com.lc.zy.common.cache.MapperOnCache - cacheKey = userMapper.1d0ac9c69900487185a29b427b9c814e
[0421 10:46:07,674 DEBUG] [1735745824@qtp-1117868538-4] com.lc.zy.common.cache.MapperOnCache - 数据库取值 : null
[0421 10:46:07,676 DEBUG] [1735745824@qtp-1117868538-4] com.lc.zy.common.cache.MapperOnCache - cacheKey = userMapper.c6142adc5ee64eae84e8fdd9e7ae83ce
[0421 10:46:07,714 DEBUG] [1735745824@qtp-1117868538-4] com.lc.zy.common.cache.MapperOnCache - 数据库取值 : null
[0421 10:46:07,716 DEBUG] [1735745824@qtp-1117868538-4] com.lc.zy.common.cache.MapperOnCache - cacheKey = userMapper.69d75ebe63874bd7a0cd9beddad7d8f8
[0421 10:46:07,754 DEBUG] [1735745824@qtp-1117868538-4] com.lc.zy.common.cache.MapperOnCache - 数据库取值 : null
[0421 10:46:07,756 DEBUG] [1735745824@qtp-1117868538-4] com.lc.zy.common.cache.MapperOnCache - cacheKey = userMapper.d2bc7587cc8444f0a4d0d5d72e063479
[0421 10:46:07,796 DEBUG] [1735745824@qtp-1117868538-4] com.lc.zy.common.cache.MapperOnCache - 数据库取值 : null
[0421 10:46:07,798 DEBUG] [1735745824@qtp-1117868538-4] com.lc.zy.common.cache.MapperOnCache - cacheKey = userMapper.cf5613387266481eac4be27f4b7a5828
[0421 10:46:07,839 DEBUG] [1735745824@qtp-1117868538-4] com.lc.zy.common.cache.MapperOnCache - 数据库取值 : null
[0421 10:46:07,966 DEBUG] [1735745824@qtp-1117868538-4] com.lc.zy.ball.boss.framework.statium.service.StatiumOaInfoService - statiumId=1000026
[0421 10:46:08,140 DEBUG] [1735745824@qtp-1117868538-4] com.lc.zy.ball.boss.framework.statium.service.StatiumOaInfoService - statiumId=221
[0421 10:46:08,299 DEBUG] [1735745824@qtp-1117868538-4] com.lc.zy.ball.boss.framework.statium.service.StatiumOaInfoService - statiumId=1000025
[0421 10:46:08,477 DEBUG] [1735745824@qtp-1117868538-4] com.lc.zy.ball.boss.framework.statium.service.StatiumOaInfoService - statiumId=1000003
[0421 10:46:08,646 DEBUG] [1735745824@qtp-1117868538-4] com.lc.zy.ball.boss.framework.statium.service.StatiumOaInfoService - statiumId=1000024
[0421 10:46:08,820 DEBUG] [1735745824@qtp-1117868538-4] com.lc.zy.ball.boss.framework.statium.service.StatiumOaInfoService - statiumId=232
[0421 10:46:09,218 DEBUG] [1735745824@qtp-1117868538-4] com.lc.zy.ball.boss.framework.statium.service.StatiumOaInfoService - statiumId=1000021
[0421 10:46:09,371 DEBUG] [1735745824@qtp-1117868538-4] com.lc.zy.ball.boss.framework.statium.service.StatiumOaInfoService - statiumId=1000020
[0421 10:46:09,543 DEBUG] [1735745824@qtp-1117868538-4] com.lc.zy.ball.boss.framework.statium.service.StatiumOaInfoService - statiumId=1000010
[0421 10:46:09,695 DEBUG] [1735745824@qtp-1117868538-4] com.lc.zy.ball.boss.framework.statium.service.StatiumOaInfoService - statiumId=1000017
[0421 10:46:15,853 DEBUG] [1735745824@qtp-1117868538-4] com.lc.zy.common.cache.MapperOnCache - cacheKey = statiumInfosMapper.6ef6b97600c44c9f91dcc4709cd8ca78
[0421 10:46:15,906 DEBUG] [1735745824@qtp-1117868538-4] com.lc.zy.common.cache.MapperOnCache - 数据库取值 : com.lc.zy.ball.domain.oa.po.StatiumInfos@203b26b7[
  id=6ef6b97600c44c9f91dcc4709cd8ca78
  dgName=北京乾正隆跆拳道（朝阳店）
  dgId=221
  photos=http://7xt8bo.com2.z0.glb.qiniucdn.com/832d3ec670564a81a65e9f0a9a6cd836.png__http://7xt8bo.com2.z0.glb.qiniucdn.com/6e30344d4a1c4ec2b863e6841373fc10.png__http://7xt8bo.com2.z0.glb.qiniucdn.com/edcdf122c1bc47d69f93afca6fd09641.png__http://7xt8bo.com2.z0.glb.qiniucdn.com/655a0f5634c64079bb550c3e02fa4034.png__http://7xt8bo.com2.z0.glb.qiniucdn.com/ca78be61fb1440e4a72d26efb14f1d3c.png
  remark=乾正隆跆拳道创建于2004年，发展至今，在北京、太原已拥有专业跆拳道连锁训练馆若干家。其创建人石磊先生是世界跆拳道教练员；世界跆拳道联盟黑带五段（国技院颁发）；并担任中国中学生跆拳道协会名誉副会长、中国跆拳道馆联盟会长、中国跆拳道协会晋级升段考试负责人、中国跆拳道馆联盟考试中心负责人、中国中学生体育协会跆拳道分会考试中心负责人；是中国跆拳道馆联盟创始人之一，在中国跆拳道领域具有举足轻重的地位和影响力。
乾正隆跆拳道自成立以来，石磊先生全力投入中式跆拳道的推广和发展，全面升华跆拳道武术竞技，赋予跆拳道更多的内容与精神，并将跆拳道教学作为其唯一经营项目。乾正隆在硬件设施、教练员培养以及学员培训上都力求精益求精，现所有训练设施均已达到国际跆拳道训练标准，并已成为中国跆拳道协会团体会员及中国跆拳道馆联盟训练基地。
为保证教学质量，乾正隆跆拳道所聘请的教练员均为专注于跆拳道教学和研究并专业从事跆拳道教龄5年以上、技术精湛、教学严谨、把推广中式跆拳道作为终身事业的优秀人才。迄今为止，乾正隆跆拳道已拥有几十名专业教练员及在册学员千余人，并在京城首创教练员训练制度，经营培训制度、礼仪服务制度、课后服务制度、以确保教练员与其它工作人员为学员做到更全面、更温馨的服务，让学员在乾正隆得到最大的收获。

				
				
				
				
				
				
				
				
				
				
				
				
				
				
				
				
				
				
				
				
				
				
				
				
				
				
				
				
				
				
				
  lng=116.483716
  lat=39.86975
  address=北京市北京市朝阳区西大望南路都是范德萨发的是范德萨水电费更改 
  contact=洪万祥
  tel=010-57198965
  province=北京市
  city=北京市
  area=朝阳区
  areacode=110105
  salecount=0
  starttime=<null>
  endtime=<null>
  logo=http://7xt8bo.com2.z0.glb.qiniucdn.com/82547cac06524b129a16932cea27754b.png
  ct=Tue May 10 09:44:07 CST 2016
  cb=0369e6bc11e040ac997b140a41897ebd
  et=Fri Apr 21 10:41:52 CST 2017
  eb=0369e6bc11e040ac997b140a41897ebd
  recommend=0
  serviceTel=010-7537338
  bankAccountName=郑成林
  bankAccountNo=6217900100017300481
  bankAccountBranchName=中国银行
  status=1
  grade=11
  qrCode=http://7xt8bo.com2.z0.glb.qiniucdn.com/19467a3788074520bd377c3559c620c1.png
]
[0421 10:46:22,938 DEBUG] [1735745824@qtp-1117868538-4] com.lc.zy.common.cache.MapperOnCache - cacheKey = statiumInfosMapper.6ef6b97600c44c9f91dcc4709cd8ca78
[0421 10:46:22,953 DEBUG] [1735745824@qtp-1117868538-4] com.lc.zy.common.cache.MapperOnCache - 缓存取值 : {"id":"6ef6b97600c44c9f91dcc4709cd8ca78","dgName":"北京乾正隆跆拳道（朝阳店）","dgId":221,"photos":"http://7xt8bo.com2.z0.glb.qiniucdn.com/832d3ec670564a81a65e9f0a9a6cd836.png__http://7xt8bo.com2.z0.glb.qiniucdn.com/6e30344d4a1c4ec2b863e6841373fc10.png__http://7xt8bo.com2.z0.glb.qiniucdn.com/edcdf122c1bc47d69f93afca6fd09641.png__http://7xt8bo.com2.z0.glb.qiniucdn.com/655a0f5634c64079bb550c3e02fa4034.png__http://7xt8bo.com2.z0.glb.qiniucdn.com/ca78be61fb1440e4a72d26efb14f1d3c.png","remark":"乾正隆跆拳道创建于2004年，发展至今，在北京、太原已拥有专业跆拳道连锁训练馆若干家。其创建人石磊先生是世界跆拳道教练员；世界跆拳道联盟黑带五段（国技院颁发）；并担任中国中学生跆拳道协会名誉副会长、中国跆拳道馆联盟会长、中国跆拳道协会晋级升段考试负责人、中国跆拳道馆联盟考试中心负责人、中国中学生体育协会跆拳道分会考试中心负责人；是中国跆拳道馆联盟创始人之一，在中国跆拳道领域具有举足轻重的地位和影响力。\r\n乾正隆跆拳道自成立以来，石磊先生全力投入中式跆拳道的推广和发展，全面升华跆拳道武术竞技，赋予跆拳道更多的内容与精神，并将跆拳道教学作为其唯一经营项目。乾正隆在硬件设施、教练员培养以及学员培训上都力求精益求精，现所有训练设施均已达到国际跆拳道训练标准，并已成为中国跆拳道协会团体会员及中国跆拳道馆联盟训练基地。\r\n为保证教学质量，乾正隆跆拳道所聘请的教练员均为专注于跆拳道教学和研究并专业从事跆拳道教龄5年以上、技术精湛、教学严谨、把推广中式跆拳道作为终身事业的优秀人才。迄今为止，乾正隆跆拳道已拥有几十名专业教练员及在册学员千余人，并在京城首创教练员训练制度，经营培训制度、礼仪服务制度、课后服务制度、以确保教练员与其它工作人员为学员做到更全面、更温馨的服务，让学员在乾正隆得到最大的收获。\r\n\r\n\t\t\t\t\r\n\t\t\t\t\r\n\t\t\t\t\r\n\t\t\t\t\r\n\t\t\t\t\r\n\t\t\t\t\r\n\t\t\t\t\r\n\t\t\t\t\r\n\t\t\t\t\r\n\t\t\t\t\r\n\t\t\t\t\r\n\t\t\t\t\r\n\t\t\t\t\r\n\t\t\t\t\r\n\t\t\t\t\r\n\t\t\t\t\r\n\t\t\t\t\r\n\t\t\t\t\r\n\t\t\t\t\r\n\t\t\t\t\r\n\t\t\t\t\r\n\t\t\t\t\r\n\t\t\t\t\r\n\t\t\t\t\r\n\t\t\t\t\r\n\t\t\t\t\r\n\t\t\t\t\r\n\t\t\t\t\r\n\t\t\t\t\r\n\t\t\t\t\r\n\t\t\t\t","lng":116.483716,"lat":39.86975,"address":"北京市北京市朝阳区西大望南路都是范德萨发的是范德萨水电费更改 ","contact":"洪万祥","tel":"010-57198965","province":"北京市","city":"北京市","area":"朝阳区","areacode":"110105","salecount":0,"logo":"http://7xt8bo.com2.z0.glb.qiniucdn.com/82547cac06524b129a16932cea27754b.png","ct":"2016-05-10 09:44:07","cb":"0369e6bc11e040ac997b140a41897ebd","et":"2017-04-21 10:41:52","eb":"0369e6bc11e040ac997b140a41897ebd","recommend":0,"serviceTel":"010-7537338","bankAccountName":"郑成林","bankAccountNo":"6217900100017300481","bankAccountBranchName":"中国银行","status":1,"grade":11,"qrCode":"http://7xt8bo.com2.z0.glb.qiniucdn.com/19467a3788074520bd377c3559c620c1.png"}
[0421 11:09:11,398 WARN ] [main] org.mybatis.spring.mapper.MapperScannerConfigurer$Scanner - Skipping MapperFactoryBean with name 'crmFunctionMapperEx' and 'com.lc.zy.ball.domain.oa.mapper.ex.CrmFunctionMapperEx' mapperInterface. Bean already defined with the same name!
[0421 11:09:11,398 WARN ] [main] org.mybatis.spring.mapper.MapperScannerConfigurer$Scanner - Skipping MapperFactoryBean with name 'dicItemMapperEx' and 'com.lc.zy.ball.domain.oa.mapper.ex.DicItemMapperEx' mapperInterface. Bean already defined with the same name!
[0421 11:09:11,399 WARN ] [main] org.mybatis.spring.mapper.MapperScannerConfigurer$Scanner - Skipping MapperFactoryBean with name 'functionMapperEx' and 'com.lc.zy.ball.domain.oa.mapper.ex.FunctionMapperEx' mapperInterface. Bean already defined with the same name!
[0421 11:09:11,399 WARN ] [main] org.mybatis.spring.mapper.MapperScannerConfigurer$Scanner - Skipping MapperFactoryBean with name 'operatorMapper' and 'com.lc.zy.ball.domain.oa.mapper.ex.OperatorMapper' mapperInterface. Bean already defined with the same name!
[0421 11:09:11,399 WARN ] [main] org.mybatis.spring.mapper.MapperScannerConfigurer$Scanner - Skipping MapperFactoryBean with name 'organizationMapperEx' and 'com.lc.zy.ball.domain.oa.mapper.ex.OrganizationMapperEx' mapperInterface. Bean already defined with the same name!
[0421 11:09:11,399 WARN ] [main] org.mybatis.spring.mapper.MapperScannerConfigurer$Scanner - Skipping MapperFactoryBean with name 'statisticUserMobileMapperEx' and 'com.lc.zy.ball.domain.oa.mapper.ex.StatisticUserMobileMapperEx' mapperInterface. Bean already defined with the same name!
[0421 11:09:11,399 WARN ] [main] org.mybatis.spring.mapper.MapperScannerConfigurer$Scanner - Skipping MapperFactoryBean with name 'userMapperEx' and 'com.lc.zy.ball.domain.oa.mapper.ex.UserMapperEx' mapperInterface. Bean already defined with the same name!
[0421 11:09:11,901 INFO ] [main] com.mchange.v2.log.MLog - MLog clients using log4j logging.
[0421 11:09:11,957 INFO ] [main] com.mchange.v2.c3p0.C3P0Registry - Initializing c3p0-0.9.1 [built 16-January-2007 14:46:42; debug? true; trace: 10]
[0421 11:09:12,791 INFO ] [main] com.mchange.v2.c3p0.impl.AbstractPoolBackedDataSource - Initializing c3p0 pool... com.mchange.v2.c3p0.ComboPooledDataSource [ acquireIncrement -> 5, acquireRetryAttempts -> 2880, acquireRetryDelay -> 30000, autoCommitOnClose -> false, automaticTestTable -> null, breakAfterAcquireFailure -> false, checkoutTimeout -> 10000, connectionCustomizerClassName -> null, connectionTesterClassName -> com.mchange.v2.c3p0.impl.DefaultConnectionTester, dataSourceName -> 1hge14u9n13j8prpkvzjmo|15563eae, debugUnreturnedConnectionStackTraces -> false, description -> null, driverClass -> com.mysql.jdbc.Driver, factoryClassLocation -> null, forceIgnoreUnresolvedTransactions -> false, identityToken -> 1hge14u9n13j8prpkvzjmo|15563eae, idleConnectionTestPeriod -> 120, initialPoolSize -> 5, jdbcUrl -> jdbc:mysql://60.219.169.5:3306/tkd_oa?zeroDateTimeBehavior=convertToNull&useUnicode=true, lastAcquisitionFailureDefaultUser -> null, maxAdministrativeTaskTime -> 0, maxConnectionAge -> 0, maxIdleTime -> 120, maxIdleTimeExcessConnections -> 0, maxPoolSize -> 30, maxStatements -> 0, maxStatementsPerConnection -> 0, minPoolSize -> 5, numHelperThreads -> 3, numThreadsAwaitingCheckoutDefaultUser -> 0, preferredTestQuery -> null, properties -> {user=******, password=******}, propertyCycle -> 0, testConnectionOnCheckin -> false, testConnectionOnCheckout -> false, unreturnedConnectionTimeout -> 0, usesTraditionalReflectiveProxies -> false ]
[0421 11:09:15,026 INFO ] [main] org.apache.shiro.realm.AuthorizingRealm - No cache or cacheManager properties have been set.  Authorization cache cannot be obtained.
[0421 11:09:15,135 INFO ] [main] org.apache.shiro.cache.ehcache.EhCacheManager - Cache with name 'com.lc.zy.ball.boss.common.security.ShiroDbRealm.authorizationCache' does not yet exist.  Creating now.
[0421 11:09:15,163 INFO ] [main] org.apache.shiro.cache.ehcache.EhCacheManager - Added EhCache named [com.lc.zy.ball.boss.common.security.ShiroDbRealm.authorizationCache]
[0421 11:09:15,319 INFO ] [main] com.lc.zy.common.cache.MapperOnCacheSupport - exclude_cache_mapper ==> {OrderSms=true, OrderItem=true, OrderBill=true, Order=true, OrderBillItem=true, OrderAlarm=true, OrderLog=true}
[0421 11:09:15,345 DEBUG] [main] com.lc.zy.common.cache.RedisPool - cacheEnable = true
[0421 11:09:15,345 DEBUG] [main] com.lc.zy.common.cache.RedisPool - cacheServer = 192.168.1.219:6379
[0421 11:09:15,349 DEBUG] [main] com.lc.zy.common.cache.RedisPool - cachePwd = null
[0421 11:09:15,362 ERROR] [main] com.lc.zy.common.cache.RedisPool - cache 初始化成功
[0421 11:09:15,533 DEBUG] [main] com.lc.zy.common.util.SpringUtils - set application context ===> Root WebApplicationContext: startup date [Fri Apr 21 11:09:10 CST 2017]; root of context hierarchy
[0421 11:09:15,645 DEBUG] [main] com.lc.zy.common.mq.QueueProducer - locCustomer was started ...
[0421 11:09:15,645 DEBUG] [main] com.lc.zy.common.mq.QueueProducer - brokerUrl=tcp://192.168.1.219:61616
[0421 11:09:16,007 INFO ] [main] org.apache.zookeeper.ZooKeeper - Client environment:zookeeper.version=3.4.6-1569965, built on 02/20/2014 09:09 GMT
[0421 11:09:16,007 INFO ] [main] org.apache.zookeeper.ZooKeeper - Client environment:host.name=J8LZEKL1TNCFRZY
[0421 11:09:16,007 INFO ] [main] org.apache.zookeeper.ZooKeeper - Client environment:java.version=1.7.0_51
[0421 11:09:16,007 INFO ] [main] org.apache.zookeeper.ZooKeeper - Client environment:java.vendor=Oracle Corporation
[0421 11:09:16,007 INFO ] [main] org.apache.zookeeper.ZooKeeper - Client environment:java.home=C:\Program Files\Java\jdk1.7.0_51\jre
[0421 11:09:16,007 INFO ] [main] org.apache.zookeeper.ZooKeeper - Client environment:java.class.path=G:\eclipse-jee-mars-2-win32-x86_64\eclipse\configuration\org.eclipse.osgi\939\0\.cp\lib\jetty-util-6.1.26.jar;G:\eclipse-jee-mars-2-win32-x86_64\eclipse\configuration\org.eclipse.osgi\939\0\.cp\lib\jsp-api-2.1.jar;G:\eclipse-jee-mars-2-win32-x86_64\eclipse\configuration\org.eclipse.osgi\939\0\.cp\lib\run-jetty-run-bootstrap.jar;G:\eclipse-jee-mars-2-win32-x86_64\eclipse\configuration\org.eclipse.osgi\939\0\.cp\lib\jsp-2.1.jar;G:\eclipse-jee-mars-2-win32-x86_64\eclipse\configuration\org.eclipse.osgi\939\0\.cp\lib\jetty-management-6.1.26.jar;G:\eclipse-jee-mars-2-win32-x86_64\eclipse\configuration\org.eclipse.osgi\939\0\.cp\lib\jetty-6.1.26.jar;G:\eclipse-jee-mars-2-win32-x86_64\eclipse\configuration\org.eclipse.osgi\939\0\.cp\lib\core-3.1.1.jar;G:\eclipse-jee-mars-2-win32-x86_64\eclipse\configuration\org.eclipse.osgi\939\0\.cp\lib\servlet-api-2.5-20081211.jar
[0421 11:09:16,007 INFO ] [main] org.apache.zookeeper.ZooKeeper - Client environment:java.library.path=C:\Program Files\Java\jdk1.7.0_51\bin;C:\Windows\Sun\Java\bin;C:\Windows\system32;C:\Windows;C:\Program Files\Java\jdk1.7.0_51\jre\bin;C:/Program Files/Java/jdk1.7.0_51/bin/../jre/bin/server;C:/Program Files/Java/jdk1.7.0_51/bin/../jre/bin;C:/Program Files/Java/jdk1.7.0_51/bin/../jre/lib/amd64;.;C:\Program Files\Java\jdk1.7.0_51\bin;C:\Program Files (x86)\Common Files\NetSarang;C:\Windows\system32;C:\Windows;C:\Windows\System32\Wbem;C:\Windows\System32\WindowsPowerShell\v1.0\;G:\apache-maven-3.3.1\bin;C:\Program Files (x86)\NVIDIA Corporation\PhysX\Common;G:\apache-maven-3.3.1\bin;G:\mysql\bin;C:\Program Files\TortoiseSVN\bin;G:\apache-maven-3.3.1\bin;G:\jar包\apache-tomcat-7.0.73-windows-x64\apache-tomcat-7.0.73\lib;G:\jar包\apache-tomcat-7.0.73-windows-x64\apache-tomcat-7.0.73\bin;C:\Program Files\VisualSVN Server\bin;G:\eclipse-jee-mars-2-win32-x86_64\eclipse;;.
[0421 11:09:16,007 INFO ] [main] org.apache.zookeeper.ZooKeeper - Client environment:java.io.tmpdir=C:\Users\ADMINI~1\AppData\Local\Temp\
[0421 11:09:16,007 INFO ] [main] org.apache.zookeeper.ZooKeeper - Client environment:java.compiler=<NA>
[0421 11:09:16,007 INFO ] [main] org.apache.zookeeper.ZooKeeper - Client environment:os.name=Windows 7
[0421 11:09:16,008 INFO ] [main] org.apache.zookeeper.ZooKeeper - Client environment:os.arch=amd64
[0421 11:09:16,008 INFO ] [main] org.apache.zookeeper.ZooKeeper - Client environment:os.version=6.1
[0421 11:09:16,008 INFO ] [main] org.apache.zookeeper.ZooKeeper - Client environment:user.name=Administrator
[0421 11:09:16,008 INFO ] [main] org.apache.zookeeper.ZooKeeper - Client environment:user.home=C:\Users\Administrator
[0421 11:09:16,008 INFO ] [main] org.apache.zookeeper.ZooKeeper - Client environment:user.dir=G:\qzlspace6\tkd-boss
[0421 11:09:16,009 INFO ] [main] org.apache.zookeeper.ZooKeeper - Initiating client connection, connectString=192.168.1.219 sessionTimeout=5000 watcher=com.lc.zy.common.zoo.ConnectionWatcher@575c64f6
[0421 11:09:16,031 INFO ] [main] org.apache.zookeeper.ZooKeeper - Initiating client connection, connectString=192.168.1.219 sessionTimeout=5000 watcher=com.lc.zy.common.zoo.ConnectionWatcher@575c64f6
[0421 11:09:16,036 INFO ] [main-SendThread(192.168.1.219:2181)] org.apache.zookeeper.ClientCnxn - Opening socket connection to server 192.168.1.219/192.168.1.219:2181. Will not attempt to authenticate using SASL (unknown error)
[0421 11:09:16,036 INFO ] [main-SendThread(192.168.1.219:2181)] org.apache.zookeeper.ClientCnxn - Opening socket connection to server 192.168.1.219/192.168.1.219:2181. Will not attempt to authenticate using SASL (unknown error)
[0421 11:09:16,038 INFO ] [main-SendThread(192.168.1.219:2181)] org.apache.zookeeper.ClientCnxn - Socket connection established to 192.168.1.219/192.168.1.219:2181, initiating session
[0421 11:09:16,039 INFO ] [main-SendThread(192.168.1.219:2181)] org.apache.zookeeper.ClientCnxn - Socket connection established to 192.168.1.219/192.168.1.219:2181, initiating session
[0421 11:09:16,045 INFO ] [main-SendThread(192.168.1.219:2181)] org.apache.zookeeper.ClientCnxn - Session establishment complete on server 192.168.1.219/192.168.1.219:2181, sessionid = 0x15b8df8d8ca001d, negotiated timeout = 5000
[0421 11:09:16,045 INFO ] [main-SendThread(192.168.1.219:2181)] org.apache.zookeeper.ClientCnxn - Session establishment complete on server 192.168.1.219/192.168.1.219:2181, sessionid = 0x15b8df8d8ca001c, negotiated timeout = 5000
[0421 11:09:16,047 INFO ] [main] org.apache.zookeeper.ZooKeeper - Initiating client connection, connectString=192.168.1.219 sessionTimeout=5000 watcher=com.lc.zy.common.zoo.SEQGenerate@1f148d7f
[0421 11:09:16,048 INFO ] [main] org.apache.zookeeper.ZooKeeper - Initiating client connection, connectString=192.168.1.219 sessionTimeout=5000 watcher=com.lc.zy.common.zoo.SEQGenerate@1f148d7f
[0421 11:09:16,050 INFO ] [main-SendThread(192.168.1.219:2181)] org.apache.zookeeper.ClientCnxn - Opening socket connection to server 192.168.1.219/192.168.1.219:2181. Will not attempt to authenticate using SASL (unknown error)
[0421 11:09:16,050 INFO ] [main-SendThread(192.168.1.219:2181)] org.apache.zookeeper.ClientCnxn - Opening socket connection to server 192.168.1.219/192.168.1.219:2181. Will not attempt to authenticate using SASL (unknown error)
[0421 11:09:16,051 INFO ] [main-SendThread(192.168.1.219:2181)] org.apache.zookeeper.ClientCnxn - Socket connection established to 192.168.1.219/192.168.1.219:2181, initiating session
[0421 11:09:16,051 INFO ] [main-SendThread(192.168.1.219:2181)] org.apache.zookeeper.ClientCnxn - Socket connection established to 192.168.1.219/192.168.1.219:2181, initiating session
[0421 11:09:16,054 INFO ] [main-SendThread(192.168.1.219:2181)] org.apache.zookeeper.ClientCnxn - Session establishment complete on server 192.168.1.219/192.168.1.219:2181, sessionid = 0x15b8df8d8ca001e, negotiated timeout = 5000
[0421 11:09:16,055 INFO ] [main-SendThread(192.168.1.219:2181)] org.apache.zookeeper.ClientCnxn - Session establishment complete on server 192.168.1.219/192.168.1.219:2181, sessionid = 0x15b8df8d8ca001f, negotiated timeout = 5000
[0421 11:09:16,394 WARN ] [main] com.lc.zy.common.coreservice.FreeSpaceCounter - FreeSpaceCounter and coreServiceOrdersLicense not define
[0421 11:09:16,397 WARN ] [main] com.lc.zy.common.coreservice.OrdersCounter - coreServiceOrdersHost and coreServiceOrdersLicense not define
[0421 11:09:16,399 WARN ] [main] com.lc.zy.common.coreservice.Scores - coreServiceOrdersHost and coreServiceOrdersLicense not define
[0421 11:09:16,401 WARN ] [main] com.lc.zy.common.coreservice.UserStatiumCounter - coreServiceOrdersHost and coreServiceOrdersLicense not define
[0421 11:09:16,417 DEBUG] [main] com.lc.zy.common.mq.TopicPublisher - locCustomer was started ...
[0421 11:09:16,417 DEBUG] [main] com.lc.zy.common.mq.TopicPublisher - brokerUrl=tcp://192.168.1.219:61616
[0421 11:09:26,339 INFO ] [1790267756@qtp-1829574210-3] org.apache.shiro.session.mgt.AbstractValidatingSessionManager - Enabling session validation scheduler...
