[0308 15:43:40,314 WARN ] [main] org.mybatis.spring.mapper.MapperScannerConfigurer$Scanner - Skipping MapperFactoryBean with name 'crmFunctionMapperEx' and 'com.lc.zy.ball.domain.oa.mapper.ex.CrmFunctionMapperEx' mapperInterface. Bean already defined with the same name!
[0308 15:43:40,315 WARN ] [main] org.mybatis.spring.mapper.MapperScannerConfigurer$Scanner - Skipping MapperFactoryBean with name 'dicItemMapperEx' and 'com.lc.zy.ball.domain.oa.mapper.ex.DicItemMapperEx' mapperInterface. Bean already defined with the same name!
[0308 15:43:40,315 WARN ] [main] org.mybatis.spring.mapper.MapperScannerConfigurer$Scanner - Skipping MapperFactoryBean with name 'functionMapperEx' and 'com.lc.zy.ball.domain.oa.mapper.ex.FunctionMapperEx' mapperInterface. Bean already defined with the same name!
[0308 15:43:40,315 WARN ] [main] org.mybatis.spring.mapper.MapperScannerConfigurer$Scanner - Skipping MapperFactoryBean with name 'operatorMapper' and 'com.lc.zy.ball.domain.oa.mapper.ex.OperatorMapper' mapperInterface. Bean already defined with the same name!
[0308 15:43:40,315 WARN ] [main] org.mybatis.spring.mapper.MapperScannerConfigurer$Scanner - Skipping MapperFactoryBean with name 'organizationMapperEx' and 'com.lc.zy.ball.domain.oa.mapper.ex.OrganizationMapperEx' mapperInterface. Bean already defined with the same name!
[0308 15:43:40,315 WARN ] [main] org.mybatis.spring.mapper.MapperScannerConfigurer$Scanner - Skipping MapperFactoryBean with name 'statisticUserMobileMapperEx' and 'com.lc.zy.ball.domain.oa.mapper.ex.StatisticUserMobileMapperEx' mapperInterface. Bean already defined with the same name!
[0308 15:43:40,315 WARN ] [main] org.mybatis.spring.mapper.MapperScannerConfigurer$Scanner - Skipping MapperFactoryBean with name 'userMapperEx' and 'com.lc.zy.ball.domain.oa.mapper.ex.UserMapperEx' mapperInterface. Bean already defined with the same name!
[0308 15:43:40,378 WARN ] [main] org.springframework.context.support.ClassPathXmlApplicationContext - Exception encountered during context initialization - cancelling refresh attempt
org.springframework.beans.factory.BeanDefinitionStoreException: Invalid bean definition with name 'oaDataSource' defined in class path resource [spring/applicationContext-mybatis-oa.xml]: Could not resolve placeholder 'jdbc.url' in string value "${jdbc.url}"; nested exception is java.lang.IllegalArgumentException: Could not resolve placeholder 'jdbc.url' in string value "${jdbc.url}"
	at org.springframework.beans.factory.config.PlaceholderConfigurerSupport.doProcessProperties(PlaceholderConfigurerSupport.java:209)
	at org.springframework.context.support.PropertySourcesPlaceholderConfigurer.processProperties(PropertySourcesPlaceholderConfigurer.java:174)
	at org.springframework.context.support.PropertySourcesPlaceholderConfigurer.postProcessBeanFactory(PropertySourcesPlaceholderConfigurer.java:151)
	at org.springframework.context.support.AbstractApplicationContext.invokeBeanFactoryPostProcessors(AbstractApplicationContext.java:696)
	at org.springframework.context.support.AbstractApplicationContext.invokeBeanFactoryPostProcessors(AbstractApplicationContext.java:671)
	at org.springframework.context.support.AbstractApplicationContext.refresh(AbstractApplicationContext.java:461)
	at org.springframework.context.support.ClassPathXmlApplicationContext.<init>(ClassPathXmlApplicationContext.java:139)
	at org.springframework.context.support.ClassPathXmlApplicationContext.<init>(ClassPathXmlApplicationContext.java:93)
	at com.lc.zy.ball.timer.TimerMain.main(TimerMain.java:15)
Caused by: java.lang.IllegalArgumentException: Could not resolve placeholder 'jdbc.url' in string value "${jdbc.url}"
	at org.springframework.util.PropertyPlaceholderHelper.parseStringValue(PropertyPlaceholderHelper.java:173)
	at org.springframework.util.PropertyPlaceholderHelper.replacePlaceholders(PropertyPlaceholderHelper.java:125)
	at org.springframework.core.env.AbstractPropertyResolver.doResolvePlaceholders(AbstractPropertyResolver.java:180)
	at org.springframework.core.env.AbstractPropertyResolver.resolveRequiredPlaceholders(AbstractPropertyResolver.java:145)
	at org.springframework.context.support.PropertySourcesPlaceholderConfigurer$2.resolveStringValue(PropertySourcesPlaceholderConfigurer.java:167)
	at org.springframework.beans.factory.config.BeanDefinitionVisitor.resolveStringValue(BeanDefinitionVisitor.java:282)
	at org.springframework.beans.factory.config.BeanDefinitionVisitor.resolveValue(BeanDefinitionVisitor.java:204)
	at org.springframework.beans.factory.config.BeanDefinitionVisitor.visitPropertyValues(BeanDefinitionVisitor.java:141)
	at org.springframework.beans.factory.config.BeanDefinitionVisitor.visitBeanDefinition(BeanDefinitionVisitor.java:82)
	at org.springframework.beans.factory.config.PlaceholderConfigurerSupport.doProcessProperties(PlaceholderConfigurerSupport.java:206)
	... 8 more
